Build started 15/08/2012 16:29:06.
     1>Project "c:\Users\c1211066\documents\visual studio 2010\Projects\Triangulo\Triangulo\Triangulo.vcxproj" on node 2 (build target(s)).
     1>InitializeBuildStatus:
         Touching "Debug\Triangulo.unsuccessfulbuild".
       ClCompile:
         c:\Program Files (x86)\Microsoft Visual Studio 10.0\VC\bin\CL.exe /c /ZI /nologo /W3 /WX- /Od /Oy- /D WIN32 /D _DEBUG /D _CONSOLE /D _UNICODE /D UNICODE /Gm /EHsc /RTC1 /MDd /GS /fp:precise /Zc:wchar_t /Zc:forScope /Fo"Debug\\" /Fd"Debug\vc100.pdb" /Gd /TC /analyze- /errorReport:prompt area.c prog1.c
         prog1.c
     1>c:\users\c1211066\documents\visual studio 2010\projects\triangulo\triangulo\prog1.c(8): warning C4996: 'scanf': This function or variable may be unsafe. Consider using scanf_s instead. To disable deprecation, use _CRT_SECURE_NO_WARNINGS. See online help for details.
                 c:\program files (x86)\microsoft visual studio 10.0\vc\include\stdio.h(304) : see declaration of 'scanf'
         area.c
     1>c:\users\c1211066\documents\visual studio 2010\projects\triangulo\triangulo\area.c(6): warning C4244: '=' : conversion from 'double' to 'float', possible loss of data
     1>c:\users\c1211066\documents\visual studio 2010\projects\triangulo\triangulo\area.c(11): error C2059: syntax error : 'bad suffix on number'
     1>c:\users\c1211066\documents\visual studio 2010\projects\triangulo\triangulo\area.c(11): warning C4020: 'sqrt' : too many actual parameters
     1>c:\users\c1211066\documents\visual studio 2010\projects\triangulo\triangulo\area.c(11): error C2146: syntax error : missing ')' before identifier 'f'
     1>c:\users\c1211066\documents\visual studio 2010\projects\triangulo\triangulo\area.c(11): warning C4244: '=' : conversion from 'double' to 'float', possible loss of data
     1>c:\users\c1211066\documents\visual studio 2010\projects\triangulo\triangulo\area.c(11): error C2059: syntax error : ')'
     1>c:\users\c1211066\documents\visual studio 2010\projects\triangulo\triangulo\area.c(12): error C2059: syntax error : 'bad suffix on number'
     1>c:\users\c1211066\documents\visual studio 2010\projects\triangulo\triangulo\area.c(12): error C2146: syntax error : missing ';' before identifier 'f'
     1>c:\users\c1211066\documents\visual studio 2010\projects\triangulo\triangulo\area.c(12): error C2065: 'f' : undeclared identifier
     1>c:\users\c1211066\documents\visual studio 2010\projects\triangulo\triangulo\area.c(12): warning C4552: '*' : operator has no effect; expected operator with side-effect
         Generating Code...
     1>Done Building Project "c:\Users\c1211066\documents\visual studio 2010\Projects\Triangulo\Triangulo\Triangulo.vcxproj" (build target(s)) -- FAILED.

Build FAILED.

Time Elapsed 00:00:00.73
